Copyright 1986-2022 Xilinx, Inc. All Rights Reserved. Copyright 2022-2024 Advanced Micro Devices, Inc. All Rights Reserved.
---------------------------------------------------------------------------------------------------------------------------------------------
| Tool Version : Vivado v.2024.1 (win64) Build 5076996 Wed May 22 18:37:14 MDT 2024
| Date         : Thu Apr 10 13:50:02 2025
| Host         : E10-1792F8EE running 64-bit major release  (build 9200)
| Command      : report_control_sets -verbose -file gametop_control_sets_placed.rpt
| Design       : gametop
| Device       : xc7a100t
---------------------------------------------------------------------------------------------------------------------------------------------

Control Set Information

Table of Contents
-----------------
1. Summary
2. Histogram
3. Flip-Flop Distribution
4. Detailed Control Set Information

1. Summary
----------

+----------------------------------------------------------+-------+
|                          Status                          | Count |
+----------------------------------------------------------+-------+
| Total control sets                                       |   147 |
|    Minimum number of control sets                        |   147 |
|    Addition due to synthesis replication                 |     0 |
|    Addition due to physical synthesis replication        |     0 |
| Unused register locations in slices containing registers |   851 |
+----------------------------------------------------------+-------+
* Control sets can be merged at opt_design using control_set_merge or merge_equivalent_drivers
** Run report_qor_suggestions for automated merging and remapping suggestions


2. Histogram
------------

+--------------------+-------+
|       Fanout       | Count |
+--------------------+-------+
| Total control sets |   147 |
| >= 0 to < 4        |     1 |
| >= 4 to < 6        |     3 |
| >= 6 to < 8        |     2 |
| >= 8 to < 10       |     3 |
| >= 10 to < 12      |     2 |
| >= 12 to < 14      |     0 |
| >= 14 to < 16      |     0 |
| >= 16              |   136 |
+--------------------+-------+
* Control sets can be remapped at either synth_design or opt_design


3. Flip-Flop Distribution
-------------------------

+--------------+-----------------------+------------------------+-----------------+--------------+
| Clock Enable | Synchronous Set/Reset | Asynchronous Set/Reset | Total Registers | Total Slices |
+--------------+-----------------------+------------------------+-----------------+--------------+
| No           | No                    | No                     |             200 |          149 |
| No           | No                    | Yes                    |               0 |            0 |
| No           | Yes                   | No                     |              93 |           43 |
| Yes          | No                    | No                     |              19 |            7 |
| Yes          | No                    | Yes                    |               0 |            0 |
| Yes          | Yes                   | No                     |            2405 |          951 |
+--------------+-----------------------+------------------------+-----------------+--------------+


4. Detailed Control Set Information
-----------------------------------

+------------------------+------------------------------------+---------------------------------------+------------------+----------------+--------------+
|      Clock Signal      |            Enable Signal           |            Set/Reset Signal           | Slice Load Count | Bel Load Count | Bels / Slice |
+------------------------+------------------------------------+---------------------------------------+------------------+----------------+--------------+
|  game_clk_reg_n_0_BUFG | controller_inst/curr_direction_n_0 |                                       |                1 |              3 |         3.00 |
|  inst/inst/clk_out1    |                                    | snakeDeathFlash/rst                   |                3 |              4 |         1.33 |
|  inst/inst/clk_out1    |                                    | snake_inst/SS[0]                      |                3 |              4 |         1.33 |
|  inst/inst/clk_out1    |                                    | snake_inst/curr_snakeBody_reg_1[0]    |                2 |              4 |         2.00 |
|  game_clk_reg_n_0_BUFG | snake_inst/grow_pending            | controller_inst/SR[0]                 |                7 |              7 |         1.00 |
|  game_clk_reg_n_0_BUFG |                                    |                                       |                5 |              7 |         1.40 |
|  game_clk_reg_n_0_BUFG | controller_inst/E[0]               | controller_inst/SR[0]                 |                3 |              9 |         3.00 |
|  inst/inst/clk_out1    | drawcontrol_inst/addr              | apple_inst/SR[0]                      |                2 |              9 |         4.50 |
|  game_clk_reg_n_0_BUFG | controller_inst/move_enable_reg[0] | controller_inst/SR[0]                 |                3 |              9 |         3.00 |
|  inst/inst/clk_out1    | vga_out/line_end                   | vga_out/vcount[9]_i_1_n_0             |                4 |             10 |         2.50 |
|  inst/inst/clk_out1    |                                    | vga_out/hcount[10]_i_1_n_0            |                3 |             11 |         3.67 |
|  inst/inst/clk_out1    | snake_inst/E[0]                    |                                       |                6 |             16 |         2.67 |
|  game_clk_reg_n_0_BUFG | snake_inst/snakeY[101][10]_i_1_n_0 | controller_inst/SR[0]                 |                8 |             18 |         2.25 |
|  game_clk_reg_n_0_BUFG | snake_inst/snakeY[97][10]_i_1_n_0  | controller_inst/SR[0]                 |               10 |             18 |         1.80 |
|  game_clk_reg_n_0_BUFG | snake_inst/snakeY[9][10]_i_1_n_0   | controller_inst/SR[0]                 |                6 |             18 |         3.00 |
|  game_clk_reg_n_0_BUFG | snake_inst/snakeY[87][10]_i_1_n_0  | controller_inst/SR[0]                 |                7 |             18 |         2.57 |
|  game_clk_reg_n_0_BUFG | snake_inst/snakeY[84][10]_i_1_n_0  | controller_inst/SR[0]                 |                8 |             18 |         2.25 |
|  game_clk_reg_n_0_BUFG | snake_inst/snakeY[96][10]_i_1_n_0  | controller_inst/SR[0]                 |               10 |             18 |         1.80 |
|  game_clk_reg_n_0_BUFG | snake_inst/snakeY[72][10]_i_1_n_0  | controller_inst/SR[0]                 |                6 |             18 |         3.00 |
|  game_clk_reg_n_0_BUFG | snake_inst/snakeY[115][10]_i_1_n_0 | controller_inst/SR[0]                 |                9 |             18 |         2.00 |
|  game_clk_reg_n_0_BUFG | snake_inst/snakeY[102][10]_i_1_n_0 | controller_inst/SR[0]                 |                6 |             18 |         3.00 |
|  game_clk_reg_n_0_BUFG | snake_inst/snakeY[104][10]_i_1_n_0 | controller_inst/SR[0]                 |                7 |             18 |         2.57 |
|  game_clk_reg_n_0_BUFG | snake_inst/snakeY[100][10]_i_1_n_0 | controller_inst/SR[0]                 |                5 |             18 |         3.60 |
|  game_clk_reg_n_0_BUFG | snake_inst/snakeY[103][10]_i_1_n_0 | controller_inst/SR[0]                 |               10 |             18 |         1.80 |
|  game_clk_reg_n_0_BUFG | snake_inst/snakeY[105][10]_i_1_n_0 | controller_inst/SR[0]                 |                7 |             18 |         2.57 |
|  game_clk_reg_n_0_BUFG | snake_inst/snakeY[106][10]_i_1_n_0 | controller_inst/SR[0]                 |                7 |             18 |         2.57 |
|  game_clk_reg_n_0_BUFG | snake_inst/snakeY[107][10]_i_1_n_0 | controller_inst/SR[0]                 |               10 |             18 |         1.80 |
|  game_clk_reg_n_0_BUFG | snake_inst/snakeY[20][10]_i_1_n_0  | controller_inst/SR[0]                 |                6 |             18 |         3.00 |
|  game_clk_reg_n_0_BUFG | snake_inst/snakeY[124][10]_i_1_n_0 | controller_inst/SR[0]                 |                5 |             18 |         3.60 |
|  game_clk_reg_n_0_BUFG | snake_inst/snakeY[22][10]_i_1_n_0  | controller_inst/SR[0]                 |                5 |             18 |         3.60 |
|  game_clk_reg_n_0_BUFG | snake_inst/snakeY[23][10]_i_1_n_0  | controller_inst/SR[0]                 |                6 |             18 |         3.00 |
|  game_clk_reg_n_0_BUFG | snake_inst/snakeY[25][10]_i_1_n_0  | controller_inst/SR[0]                 |                7 |             18 |         2.57 |
|  game_clk_reg_n_0_BUFG | snake_inst/snakeY[110][10]_i_1_n_0 | controller_inst/SR[0]                 |                8 |             18 |         2.25 |
|  game_clk_reg_n_0_BUFG | snake_inst/snakeY[34][10]_i_1_n_0  | controller_inst/SR[0]                 |                7 |             18 |         2.57 |
|  game_clk_reg_n_0_BUFG | snake_inst/snakeY[116][10]_i_1_n_0 | controller_inst/SR[0]                 |                7 |             18 |         2.57 |
|  game_clk_reg_n_0_BUFG | snake_inst/snakeY[122][10]_i_1_n_0 | controller_inst/SR[0]                 |                6 |             18 |         3.00 |
|  clk_IBUF_BUFG         |                                    |                                       |                6 |             18 |         3.00 |
|  game_clk_reg_n_0_BUFG | snake_inst/snakeY[10][10]_i_1_n_0  | controller_inst/SR[0]                 |                7 |             18 |         2.57 |
|  game_clk_reg_n_0_BUFG | snake_inst/snakeY[111][10]_i_1_n_0 | controller_inst/SR[0]                 |                7 |             18 |         2.57 |
|  game_clk_reg_n_0_BUFG | snake_inst/snakeY[108][10]_i_1_n_0 | controller_inst/SR[0]                 |                7 |             18 |         2.57 |
|  game_clk_reg_n_0_BUFG | snake_inst/snakeY[17][10]_i_1_n_0  | controller_inst/SR[0]                 |                6 |             18 |         3.00 |
|  game_clk_reg_n_0_BUFG | snake_inst/snakeY[118][10]_i_1_n_0 | controller_inst/SR[0]                 |                8 |             18 |         2.25 |
|  game_clk_reg_n_0_BUFG | snake_inst/snakeY[12][10]_i_1_n_0  | controller_inst/SR[0]                 |                7 |             18 |         2.57 |
|  game_clk_reg_n_0_BUFG | snake_inst/snakeY[117][10]_i_1_n_0 | controller_inst/SR[0]                 |                9 |             18 |         2.00 |
|  game_clk_reg_n_0_BUFG | snake_inst/snakeY[14][10]_i_1_n_0  | controller_inst/SR[0]                 |                6 |             18 |         3.00 |
|  game_clk_reg_n_0_BUFG | snake_inst/snakeY[114][10]_i_1_n_0 | controller_inst/SR[0]                 |                6 |             18 |         3.00 |
|  game_clk_reg_n_0_BUFG | snake_inst/snakeY[18][10]_i_1_n_0  | controller_inst/SR[0]                 |                5 |             18 |         3.60 |
|  game_clk_reg_n_0_BUFG | snake_inst/snakeY[21][10]_i_1_n_0  | controller_inst/SR[0]                 |                8 |             18 |         2.25 |
|  game_clk_reg_n_0_BUFG | snake_inst/snakeY[109][10]_i_1_n_0 | controller_inst/SR[0]                 |                5 |             18 |         3.60 |
|  game_clk_reg_n_0_BUFG | snake_inst/snakeY[29][10]_i_1_n_0  | controller_inst/SR[0]                 |                8 |             18 |         2.25 |
|  game_clk_reg_n_0_BUFG | snake_inst/snakeY[123][10]_i_1_n_0 | controller_inst/SR[0]                 |                7 |             18 |         2.57 |
|  game_clk_reg_n_0_BUFG | snake_inst/snakeY[125][10]_i_1_n_0 | controller_inst/SR[0]                 |                6 |             18 |         3.00 |
|  game_clk_reg_n_0_BUFG | snake_inst/snakeY[13][10]_i_1_n_0  | controller_inst/SR[0]                 |                6 |             18 |         3.00 |
|  game_clk_reg_n_0_BUFG | snake_inst/snakeY[24][10]_i_1_n_0  | controller_inst/SR[0]                 |                8 |             18 |         2.25 |
|  game_clk_reg_n_0_BUFG | snake_inst/snakeY[26][10]_i_1_n_0  | controller_inst/SR[0]                 |                6 |             18 |         3.00 |
|  game_clk_reg_n_0_BUFG | snake_inst/snakeY[27][10]_i_1_n_0  | controller_inst/SR[0]                 |                8 |             18 |         2.25 |
|  game_clk_reg_n_0_BUFG | snake_inst/snakeY[112][10]_i_1_n_0 | controller_inst/SR[0]                 |                8 |             18 |         2.25 |
|  game_clk_reg_n_0_BUFG | snake_inst/snakeY[28][10]_i_1_n_0  | controller_inst/SR[0]                 |                6 |             18 |         3.00 |
|  game_clk_reg_n_0_BUFG | snake_inst/snakeY[30][10]_i_1_n_0  | controller_inst/SR[0]                 |                8 |             18 |         2.25 |
|  game_clk_reg_n_0_BUFG | snake_inst/snakeY[31][10]_i_1_n_0  | controller_inst/SR[0]                 |                7 |             18 |         2.57 |
|  game_clk_reg_n_0_BUFG | snake_inst/snakeY[32][10]_i_1_n_0  | controller_inst/SR[0]                 |                7 |             18 |         2.57 |
|  game_clk_reg_n_0_BUFG | snake_inst/snakeY[120][10]_i_1_n_0 | controller_inst/SR[0]                 |                7 |             18 |         2.57 |
|  game_clk_reg_n_0_BUFG | snake_inst/snakeY[33][10]_i_1_n_0  | controller_inst/SR[0]                 |                9 |             18 |         2.00 |
|  game_clk_reg_n_0_BUFG | snake_inst/snakeY[113][10]_i_1_n_0 | controller_inst/SR[0]                 |                6 |             18 |         3.00 |
|  game_clk_reg_n_0_BUFG | snake_inst/snakeY[2][10]_i_1_n_0   | controller_inst/SR[0]                 |                8 |             18 |         2.25 |
|  game_clk_reg_n_0_BUFG | snake_inst/snakeY[119][10]_i_1_n_0 | controller_inst/SR[0]                 |                6 |             18 |         3.00 |
|  game_clk_reg_n_0_BUFG | snake_inst/snakeY[121][10]_i_1_n_0 | controller_inst/SR[0]                 |                6 |             18 |         3.00 |
|  game_clk_reg_n_0_BUFG | snake_inst/snakeY[11][10]_i_1_n_0  | controller_inst/SR[0]                 |                8 |             18 |         2.25 |
|  game_clk_reg_n_0_BUFG | snake_inst/snakeY[126][10]_i_1_n_0 | controller_inst/SR[0]                 |                7 |             18 |         2.57 |
|  game_clk_reg_n_0_BUFG | snake_inst/snakeY[15][10]_i_1_n_0  | controller_inst/SR[0]                 |                6 |             18 |         3.00 |
|  game_clk_reg_n_0_BUFG | snake_inst/snakeY[16][10]_i_1_n_0  | controller_inst/SR[0]                 |                6 |             18 |         3.00 |
|  game_clk_reg_n_0_BUFG | snake_inst/snakeY[19][10]_i_1_n_0  | controller_inst/SR[0]                 |                7 |             18 |         2.57 |
|  game_clk_reg_n_0_BUFG | snake_inst/snakeY[1][10]_i_2_n_0   | controller_inst/SR[0]                 |                8 |             18 |         2.25 |
|  game_clk_reg_n_0_BUFG | snake_inst/snakeY[65][10]_i_1_n_0  | controller_inst/SR[0]                 |                6 |             18 |         3.00 |
|  game_clk_reg_n_0_BUFG | snake_inst/snakeY[67][10]_i_1_n_0  | controller_inst/SR[0]                 |                7 |             18 |         2.57 |
|  game_clk_reg_n_0_BUFG | snake_inst/snakeY[49][10]_i_1_n_0  | controller_inst/SR[0]                 |                6 |             18 |         3.00 |
|  game_clk_reg_n_0_BUFG | snake_inst/snakeY[66][10]_i_1_n_0  | controller_inst/SR[0]                 |                6 |             18 |         3.00 |
|  game_clk_reg_n_0_BUFG | snake_inst/snakeY[68][10]_i_1_n_0  | controller_inst/SR[0]                 |                8 |             18 |         2.25 |
|  game_clk_reg_n_0_BUFG | snake_inst/snakeY[69][10]_i_1_n_0  | controller_inst/SR[0]                 |                8 |             18 |         2.25 |
|  game_clk_reg_n_0_BUFG | snake_inst/snakeY[39][10]_i_1_n_0  | controller_inst/SR[0]                 |                7 |             18 |         2.57 |
|  game_clk_reg_n_0_BUFG | snake_inst/snakeY[6][10]_i_1_n_0   | controller_inst/SR[0]                 |                9 |             18 |         2.00 |
|  game_clk_reg_n_0_BUFG | snake_inst/snakeY[58][10]_i_1_n_0  | controller_inst/SR[0]                 |                7 |             18 |         2.57 |
|  game_clk_reg_n_0_BUFG | snake_inst/snakeY[56][10]_i_1_n_0  | controller_inst/SR[0]                 |                8 |             18 |         2.25 |
|  game_clk_reg_n_0_BUFG | snake_inst/snakeY[4][10]_i_1_n_0   | controller_inst/SR[0]                 |                7 |             18 |         2.57 |
|  game_clk_reg_n_0_BUFG | snake_inst/snakeY[50][10]_i_1_n_0  | controller_inst/SR[0]                 |                7 |             18 |         2.57 |
|  game_clk_reg_n_0_BUFG | snake_inst/snakeY[51][10]_i_1_n_0  | controller_inst/SR[0]                 |                7 |             18 |         2.57 |
|  game_clk_reg_n_0_BUFG | snake_inst/snakeY[59][10]_i_1_n_0  | controller_inst/SR[0]                 |                8 |             18 |         2.25 |
|  game_clk_reg_n_0_BUFG | snake_inst/snakeY[48][10]_i_1_n_0  | controller_inst/SR[0]                 |                8 |             18 |         2.25 |
|  game_clk_reg_n_0_BUFG | snake_inst/snakeY[53][10]_i_1_n_0  | controller_inst/SR[0]                 |                7 |             18 |         2.57 |
|  game_clk_reg_n_0_BUFG | snake_inst/snakeY[42][10]_i_1_n_0  | controller_inst/SR[0]                 |                6 |             18 |         3.00 |
|  game_clk_reg_n_0_BUFG | snake_inst/snakeY[37][10]_i_1_n_0  | controller_inst/SR[0]                 |                7 |             18 |         2.57 |
|  game_clk_reg_n_0_BUFG | snake_inst/snakeY[38][10]_i_1_n_0  | controller_inst/SR[0]                 |                8 |             18 |         2.25 |
|  game_clk_reg_n_0_BUFG | snake_inst/snakeY[55][10]_i_1_n_0  | controller_inst/SR[0]                 |                7 |             18 |         2.57 |
|  game_clk_reg_n_0_BUFG | snake_inst/snakeY[5][10]_i_1_n_0   | controller_inst/SR[0]                 |                6 |             18 |         3.00 |
|  game_clk_reg_n_0_BUFG | snake_inst/snakeY[45][10]_i_1_n_0  | controller_inst/SR[0]                 |                6 |             18 |         3.00 |
|  game_clk_reg_n_0_BUFG | snake_inst/snakeY[60][10]_i_1_n_0  | controller_inst/SR[0]                 |                7 |             18 |         2.57 |
|  game_clk_reg_n_0_BUFG | snake_inst/snakeY[40][10]_i_1_n_0  | controller_inst/SR[0]                 |                6 |             18 |         3.00 |
|  game_clk_reg_n_0_BUFG | snake_inst/snakeY[44][10]_i_1_n_0  | controller_inst/SR[0]                 |                8 |             18 |         2.25 |
|  game_clk_reg_n_0_BUFG | snake_inst/snakeY[47][10]_i_1_n_0  | controller_inst/SR[0]                 |                9 |             18 |         2.00 |
|  game_clk_reg_n_0_BUFG | snake_inst/snakeY[52][10]_i_1_n_0  | controller_inst/SR[0]                 |                6 |             18 |         3.00 |
|  game_clk_reg_n_0_BUFG | snake_inst/snakeY[62][10]_i_1_n_0  | controller_inst/SR[0]                 |                9 |             18 |         2.00 |
|  game_clk_reg_n_0_BUFG | snake_inst/snakeY[3][10]_i_1_n_0   | controller_inst/SR[0]                 |                7 |             18 |         2.57 |
|  game_clk_reg_n_0_BUFG | snake_inst/snakeY[46][10]_i_1_n_0  | controller_inst/SR[0]                 |                7 |             18 |         2.57 |
|  game_clk_reg_n_0_BUFG | snake_inst/snakeY[61][10]_i_1_n_0  | controller_inst/SR[0]                 |                7 |             18 |         2.57 |
|  game_clk_reg_n_0_BUFG | snake_inst/snakeY[41][10]_i_1_n_0  | controller_inst/SR[0]                 |                8 |             18 |         2.25 |
|  game_clk_reg_n_0_BUFG | snake_inst/snakeY[43][10]_i_1_n_0  | controller_inst/SR[0]                 |                8 |             18 |         2.25 |
|  game_clk_reg_n_0_BUFG | snake_inst/snakeY[35][10]_i_1_n_0  | controller_inst/SR[0]                 |                7 |             18 |         2.57 |
|  game_clk_reg_n_0_BUFG | snake_inst/snakeY[57][10]_i_1_n_0  | controller_inst/SR[0]                 |                7 |             18 |         2.57 |
|  game_clk_reg_n_0_BUFG | snake_inst/snakeY[63][10]_i_1_n_0  | controller_inst/SR[0]                 |                7 |             18 |         2.57 |
|  game_clk_reg_n_0_BUFG | snake_inst/snakeY[54][10]_i_1_n_0  | controller_inst/SR[0]                 |                9 |             18 |         2.00 |
|  game_clk_reg_n_0_BUFG | snake_inst/snakeY[64][10]_i_1_n_0  | controller_inst/SR[0]                 |                7 |             18 |         2.57 |
|  game_clk_reg_n_0_BUFG | snake_inst/snakeY[36][10]_i_1_n_0  | controller_inst/SR[0]                 |                6 |             18 |         3.00 |
|  game_clk_reg_n_0_BUFG | snake_inst/snakeY[95][10]_i_1_n_0  | controller_inst/SR[0]                 |                8 |             18 |         2.25 |
|  game_clk_reg_n_0_BUFG | snake_inst/snakeY[75][10]_i_1_n_0  | controller_inst/SR[0]                 |                7 |             18 |         2.57 |
|  game_clk_reg_n_0_BUFG | snake_inst/snakeY[88][10]_i_1_n_0  | controller_inst/SR[0]                 |                7 |             18 |         2.57 |
|  game_clk_reg_n_0_BUFG | snake_inst/snakeY[76][10]_i_1_n_0  | controller_inst/SR[0]                 |                8 |             18 |         2.25 |
|  game_clk_reg_n_0_BUFG | snake_inst/snakeY[78][10]_i_1_n_0  | controller_inst/SR[0]                 |                7 |             18 |         2.57 |
|  game_clk_reg_n_0_BUFG | snake_inst/snakeY[89][10]_i_1_n_0  | controller_inst/SR[0]                 |                6 |             18 |         3.00 |
|  game_clk_reg_n_0_BUFG | snake_inst/snakeY[77][10]_i_1_n_0  | controller_inst/SR[0]                 |               11 |             18 |         1.64 |
|  game_clk_reg_n_0_BUFG | snake_inst/snakeY[90][10]_i_1_n_0  | controller_inst/SR[0]                 |                8 |             18 |         2.25 |
|  game_clk_reg_n_0_BUFG | snake_inst/snakeY[98][10]_i_1_n_0  | controller_inst/SR[0]                 |                7 |             18 |         2.57 |
|  game_clk_reg_n_0_BUFG | snake_inst/snakeY[92][10]_i_1_n_0  | controller_inst/SR[0]                 |                7 |             18 |         2.57 |
|  game_clk_reg_n_0_BUFG | snake_inst/snakeY[81][10]_i_1_n_0  | controller_inst/SR[0]                 |                7 |             18 |         2.57 |
|  game_clk_reg_n_0_BUFG | snake_inst/snakeY[8][10]_i_1_n_0   | controller_inst/SR[0]                 |               10 |             18 |         1.80 |
|  game_clk_reg_n_0_BUFG | snake_inst/snakeY[85][10]_i_1_n_0  | controller_inst/SR[0]                 |                9 |             18 |         2.00 |
|  game_clk_reg_n_0_BUFG | snake_inst/snakeY[82][10]_i_1_n_0  | controller_inst/SR[0]                 |                7 |             18 |         2.57 |
|  game_clk_reg_n_0_BUFG | snake_inst/snakeY[93][10]_i_1_n_0  | controller_inst/SR[0]                 |                7 |             18 |         2.57 |
|  game_clk_reg_n_0_BUFG | snake_inst/snakeY[99][10]_i_1_n_0  | controller_inst/SR[0]                 |                6 |             18 |         3.00 |
|  game_clk_reg_n_0_BUFG | snake_inst/snakeY[7][10]_i_1_n_0   | controller_inst/SR[0]                 |                6 |             18 |         3.00 |
|  game_clk_reg_n_0_BUFG | snake_inst/snakeY[80][10]_i_1_n_0  | controller_inst/SR[0]                 |                7 |             18 |         2.57 |
|  game_clk_reg_n_0_BUFG | snake_inst/snakeY[70][10]_i_1_n_0  | controller_inst/SR[0]                 |                8 |             18 |         2.25 |
|  game_clk_reg_n_0_BUFG | snake_inst/snakeY[74][10]_i_1_n_0  | controller_inst/SR[0]                 |                7 |             18 |         2.57 |
|  game_clk_reg_n_0_BUFG | snake_inst/snakeY[73][10]_i_1_n_0  | controller_inst/SR[0]                 |                6 |             18 |         3.00 |
|  game_clk_reg_n_0_BUFG | snake_inst/snakeY[79][10]_i_1_n_0  | controller_inst/SR[0]                 |                7 |             18 |         2.57 |
|  game_clk_reg_n_0_BUFG | snake_inst/snakeY[71][10]_i_1_n_0  | controller_inst/SR[0]                 |                7 |             18 |         2.57 |
|  game_clk_reg_n_0_BUFG | snake_inst/snakeY[83][10]_i_1_n_0  | controller_inst/SR[0]                 |                8 |             18 |         2.25 |
|  game_clk_reg_n_0_BUFG | snake_inst/snakeY[86][10]_i_1_n_0  | controller_inst/SR[0]                 |                7 |             18 |         2.57 |
|  game_clk_reg_n_0_BUFG | snake_inst/snakeY[91][10]_i_1_n_0  | controller_inst/SR[0]                 |                5 |             18 |         3.60 |
|  game_clk_reg_n_0_BUFG | snake_inst/snakeY[94][10]_i_1_n_0  | controller_inst/SR[0]                 |                7 |             18 |         2.57 |
|  seg_inst_0/led_clk    |                                    |                                       |                8 |             19 |         2.38 |
|  inst/inst/clk_out1    | vga_out/line_end                   | vga_out/vcount_reg[6]_0               |               12 |             20 |         1.67 |
|  inst/inst/clk_out1    | snake_inst/curr_apple_reg[0]       | controller_inst/curr_restart_reg_0[0] |                5 |             21 |         4.20 |
|  clk_IBUF_BUFG         |                                    | clk_div[0]_i_1_n_0                    |                6 |             21 |         3.50 |
|  inst/inst/clk_out1    | snakeDeathFlash/counter            | snakeDeathFlash/counter[0]_i_1__0_n_0 |                7 |             26 |         3.71 |
|  inst/inst/clk_out1    | appleEatenFlash/counter            | appleEatenFlash/counter[0]_i_1_n_0    |                7 |             26 |         3.71 |
|  inst/inst/clk_out1    |                                    | vga_out/hcount_reg[3]_0               |               26 |             49 |         1.88 |
|  inst/inst/clk_out1    |                                    |                                       |              130 |            156 |         1.20 |
+------------------------+------------------------------------+---------------------------------------+------------------+----------------+--------------+


